生成启动时间为 2017/5/7 23:20:46。
     1>项目“F:\vs\projetct\4-19\4-19\4-19.vcxproj”在节点 2 上(Build 个目标)。
     1>ClCompile:
         F:\vs\VC\bin\CL.exe /c /ZI /nologo /W3 /WX- /Od /Oy- /D WIN32 /D _DEBUG /D _CONSOLE /D _LIB /D _UNICODE /D UNICODE /Gm /EHsc /RTC1 /MDd /GS /fp:precise /Zc:wchar_t /Zc:forScope /Fo"Debug\\" /Fd"Debug\vc120.pdb" /Gd /TP /analyze- /errorReport:prompt "源.cpp"
         源.cpp
     1>f:\vs\projetct\4-19\4-19\源.cpp(41): warning C4996: 'fopen': This function or variable may be unsafe. Consider using fopen_s instead. To disable deprecation, use _CRT_SECURE_NO_WARNINGS. See online help for details.
                 f:\vs\vc\include\stdio.h(211) : 参见“fopen”的声明
     1>f:\vs\projetct\4-19\4-19\源.cpp(56): warning C4996: 'scanf': This function or variable may be unsafe. Consider using scanf_s instead. To disable deprecation, use _CRT_SECURE_NO_WARNINGS. See online help for details.
                 f:\vs\vc\include\stdio.h(283) : 参见“scanf”的声明
     1>f:\vs\projetct\4-19\4-19\源.cpp(58): warning C4996: 'scanf': This function or variable may be unsafe. Consider using scanf_s instead. To disable deprecation, use _CRT_SECURE_NO_WARNINGS. See online help for details.
                 f:\vs\vc\include\stdio.h(283) : 参见“scanf”的声明
     1>f:\vs\projetct\4-19\4-19\源.cpp(60): warning C4996: 'scanf': This function or variable may be unsafe. Consider using scanf_s instead. To disable deprecation, use _CRT_SECURE_NO_WARNINGS. See online help for details.
                 f:\vs\vc\include\stdio.h(283) : 参见“scanf”的声明
     1>f:\vs\projetct\4-19\4-19\源.cpp(62): warning C4996: 'scanf': This function or variable may be unsafe. Consider using scanf_s instead. To disable deprecation, use _CRT_SECURE_NO_WARNINGS. See online help for details.
                 f:\vs\vc\include\stdio.h(283) : 参见“scanf”的声明
     1>f:\vs\projetct\4-19\4-19\源.cpp(64): warning C4996: 'scanf': This function or variable may be unsafe. Consider using scanf_s instead. To disable deprecation, use _CRT_SECURE_NO_WARNINGS. See online help for details.
                 f:\vs\vc\include\stdio.h(283) : 参见“scanf”的声明
     1>f:\vs\projetct\4-19\4-19\源.cpp(74): warning C4996: 'scanf': This function or variable may be unsafe. Consider using scanf_s instead. To disable deprecation, use _CRT_SECURE_NO_WARNINGS. See online help for details.
                 f:\vs\vc\include\stdio.h(283) : 参见“scanf”的声明
     1>f:\vs\projetct\4-19\4-19\源.cpp(95): warning C4996: 'scanf': This function or variable may be unsafe. Consider using scanf_s instead. To disable deprecation, use _CRT_SECURE_NO_WARNINGS. See online help for details.
                 f:\vs\vc\include\stdio.h(283) : 参见“scanf”的声明
     1>f:\vs\projetct\4-19\4-19\源.cpp(121): warning C4996: 'scanf': This function or variable may be unsafe. Consider using scanf_s instead. To disable deprecation, use _CRT_SECURE_NO_WARNINGS. See online help for details.
                 f:\vs\vc\include\stdio.h(283) : 参见“scanf”的声明
     1>f:\vs\projetct\4-19\4-19\源.cpp(204): warning C4996: 'getch': The POSIX name for this item is deprecated. Instead, use the ISO C++ conformant name: _getch. See online help for details.
                 f:\vs\vc\include\conio.h(131) : 参见“getch”的声明
     1>f:\vs\projetct\4-19\4-19\源.cpp(214): warning C4996: 'scanf': This function or variable may be unsafe. Consider using scanf_s instead. To disable deprecation, use _CRT_SECURE_NO_WARNINGS. See online help for details.
                 f:\vs\vc\include\stdio.h(283) : 参见“scanf”的声明
     1>f:\vs\projetct\4-19\4-19\源.cpp(236): warning C4996: 'scanf': This function or variable may be unsafe. Consider using scanf_s instead. To disable deprecation, use _CRT_SECURE_NO_WARNINGS. See online help for details.
                 f:\vs\vc\include\stdio.h(283) : 参见“scanf”的声明
     1>f:\vs\projetct\4-19\4-19\源.cpp(241): warning C4996: 'scanf': This function or variable may be unsafe. Consider using scanf_s instead. To disable deprecation, use _CRT_SECURE_NO_WARNINGS. See online help for details.
                 f:\vs\vc\include\stdio.h(283) : 参见“scanf”的声明
     1>f:\vs\projetct\4-19\4-19\源.cpp(246): warning C4996: 'scanf': This function or variable may be unsafe. Consider using scanf_s instead. To disable deprecation, use _CRT_SECURE_NO_WARNINGS. See online help for details.
                 f:\vs\vc\include\stdio.h(283) : 参见“scanf”的声明
     1>f:\vs\projetct\4-19\4-19\源.cpp(248): warning C4996: 'scanf': This function or variable may be unsafe. Consider using scanf_s instead. To disable deprecation, use _CRT_SECURE_NO_WARNINGS. See online help for details.
                 f:\vs\vc\include\stdio.h(283) : 参见“scanf”的声明
     1>f:\vs\projetct\4-19\4-19\源.cpp(250): warning C4996: 'scanf': This function or variable may be unsafe. Consider using scanf_s instead. To disable deprecation, use _CRT_SECURE_NO_WARNINGS. See online help for details.
                 f:\vs\vc\include\stdio.h(283) : 参见“scanf”的声明
     1>f:\vs\projetct\4-19\4-19\源.cpp(252): warning C4996: 'scanf': This function or variable may be unsafe. Consider using scanf_s instead. To disable deprecation, use _CRT_SECURE_NO_WARNINGS. See online help for details.
                 f:\vs\vc\include\stdio.h(283) : 参见“scanf”的声明
     1>f:\vs\projetct\4-19\4-19\源.cpp(254): warning C4996: 'scanf': This function or variable may be unsafe. Consider using scanf_s instead. To disable deprecation, use _CRT_SECURE_NO_WARNINGS. See online help for details.
                 f:\vs\vc\include\stdio.h(283) : 参见“scanf”的声明
     1>f:\vs\projetct\4-19\4-19\源.cpp(267): warning C4996: 'scanf': This function or variable may be unsafe. Consider using scanf_s instead. To disable deprecation, use _CRT_SECURE_NO_WARNINGS. See online help for details.
                 f:\vs\vc\include\stdio.h(283) : 参见“scanf”的声明
     1>f:\vs\projetct\4-19\4-19\源.cpp(271): warning C4996: 'scanf': This function or variable may be unsafe. Consider using scanf_s instead. To disable deprecation, use _CRT_SECURE_NO_WARNINGS. See online help for details.
                 f:\vs\vc\include\stdio.h(283) : 参见“scanf”的声明
     1>f:\vs\projetct\4-19\4-19\源.cpp(274): warning C4996: 'scanf': This function or variable may be unsafe. Consider using scanf_s instead. To disable deprecation, use _CRT_SECURE_NO_WARNINGS. See online help for details.
                 f:\vs\vc\include\stdio.h(283) : 参见“scanf”的声明
     1>f:\vs\projetct\4-19\4-19\源.cpp(277): warning C4996: 'scanf': This function or variable may be unsafe. Consider using scanf_s instead. To disable deprecation, use _CRT_SECURE_NO_WARNINGS. See online help for details.
                 f:\vs\vc\include\stdio.h(283) : 参见“scanf”的声明
     1>f:\vs\projetct\4-19\4-19\源.cpp(280): warning C4996: 'scanf': This function or variable may be unsafe. Consider using scanf_s instead. To disable deprecation, use _CRT_SECURE_NO_WARNINGS. See online help for details.
                 f:\vs\vc\include\stdio.h(283) : 参见“scanf”的声明
     1>f:\vs\projetct\4-19\4-19\源.cpp(283): warning C4996: 'scanf': This function or variable may be unsafe. Consider using scanf_s instead. To disable deprecation, use _CRT_SECURE_NO_WARNINGS. See online help for details.
                 f:\vs\vc\include\stdio.h(283) : 参见“scanf”的声明
     1>f:\vs\projetct\4-19\4-19\源.cpp(301): warning C4996: 'getch': The POSIX name for this item is deprecated. Instead, use the ISO C++ conformant name: _getch. See online help for details.
                 f:\vs\vc\include\conio.h(131) : 参见“getch”的声明
     1>f:\vs\projetct\4-19\4-19\源.cpp(312): warning C4996: 'scanf': This function or variable may be unsafe. Consider using scanf_s instead. To disable deprecation, use _CRT_SECURE_NO_WARNINGS. See online help for details.
                 f:\vs\vc\include\stdio.h(283) : 参见“scanf”的声明
     1>f:\vs\projetct\4-19\4-19\源.cpp(335): warning C4996: 'scanf': This function or variable may be unsafe. Consider using scanf_s instead. To disable deprecation, use _CRT_SECURE_NO_WARNINGS. See online help for details.
                 f:\vs\vc\include\stdio.h(283) : 参见“scanf”的声明
     1>f:\vs\projetct\4-19\4-19\源.cpp(340): warning C4996: 'scanf': This function or variable may be unsafe. Consider using scanf_s instead. To disable deprecation, use _CRT_SECURE_NO_WARNINGS. See online help for details.
                 f:\vs\vc\include\stdio.h(283) : 参见“scanf”的声明
     1>f:\vs\projetct\4-19\4-19\源.cpp(345): warning C4996: 'scanf': This function or variable may be unsafe. Consider using scanf_s instead. To disable deprecation, use _CRT_SECURE_NO_WARNINGS. See online help for details.
                 f:\vs\vc\include\stdio.h(283) : 参见“scanf”的声明
     1>f:\vs\projetct\4-19\4-19\源.cpp(347): warning C4996: 'scanf': This function or variable may be unsafe. Consider using scanf_s instead. To disable deprecation, use _CRT_SECURE_NO_WARNINGS. See online help for details.
                 f:\vs\vc\include\stdio.h(283) : 参见“scanf”的声明
     1>f:\vs\projetct\4-19\4-19\源.cpp(349): warning C4996: 'scanf': This function or variable may be unsafe. Consider using scanf_s instead. To disable deprecation, use _CRT_SECURE_NO_WARNINGS. See online help for details.
                 f:\vs\vc\include\stdio.h(283) : 参见“scanf”的声明
     1>f:\vs\projetct\4-19\4-19\源.cpp(351): warning C4996: 'scanf': This function or variable may be unsafe. Consider using scanf_s instead. To disable deprecation, use _CRT_SECURE_NO_WARNINGS. See online help for details.
                 f:\vs\vc\include\stdio.h(283) : 参见“scanf”的声明
     1>f:\vs\projetct\4-19\4-19\源.cpp(353): warning C4996: 'scanf': This function or variable may be unsafe. Consider using scanf_s instead. To disable deprecation, use _CRT_SECURE_NO_WARNINGS. See online help for details.
                 f:\vs\vc\include\stdio.h(283) : 参见“scanf”的声明
     1>f:\vs\projetct\4-19\4-19\源.cpp(366): warning C4996: 'scanf': This function or variable may be unsafe. Consider using scanf_s instead. To disable deprecation, use _CRT_SECURE_NO_WARNINGS. See online help for details.
                 f:\vs\vc\include\stdio.h(283) : 参见“scanf”的声明
     1>f:\vs\projetct\4-19\4-19\源.cpp(370): warning C4996: 'scanf': This function or variable may be unsafe. Consider using scanf_s instead. To disable deprecation, use _CRT_SECURE_NO_WARNINGS. See online help for details.
                 f:\vs\vc\include\stdio.h(283) : 参见“scanf”的声明
     1>f:\vs\projetct\4-19\4-19\源.cpp(373): warning C4996: 'scanf': This function or variable may be unsafe. Consider using scanf_s instead. To disable deprecation, use _CRT_SECURE_NO_WARNINGS. See online help for details.
                 f:\vs\vc\include\stdio.h(283) : 参见“scanf”的声明
     1>f:\vs\projetct\4-19\4-19\源.cpp(376): warning C4996: 'scanf': This function or variable may be unsafe. Consider using scanf_s instead. To disable deprecation, use _CRT_SECURE_NO_WARNINGS. See online help for details.
                 f:\vs\vc\include\stdio.h(283) : 参见“scanf”的声明
     1>f:\vs\projetct\4-19\4-19\源.cpp(379): warning C4996: 'scanf': This function or variable may be unsafe. Consider using scanf_s instead. To disable deprecation, use _CRT_SECURE_NO_WARNINGS. See online help for details.
                 f:\vs\vc\include\stdio.h(283) : 参见“scanf”的声明
     1>f:\vs\projetct\4-19\4-19\源.cpp(382): warning C4996: 'scanf': This function or variable may be unsafe. Consider using scanf_s instead. To disable deprecation, use _CRT_SECURE_NO_WARNINGS. See online help for details.
                 f:\vs\vc\include\stdio.h(283) : 参见“scanf”的声明
     1>f:\vs\projetct\4-19\4-19\源.cpp(399): warning C4996: 'scanf': This function or variable may be unsafe. Consider using scanf_s instead. To disable deprecation, use _CRT_SECURE_NO_WARNINGS. See online help for details.
                 f:\vs\vc\include\stdio.h(283) : 参见“scanf”的声明
     1>f:\vs\projetct\4-19\4-19\源.cpp(423): warning C4996: 'scanf': This function or variable may be unsafe. Consider using scanf_s instead. To disable deprecation, use _CRT_SECURE_NO_WARNINGS. See online help for details.
                 f:\vs\vc\include\stdio.h(283) : 参见“scanf”的声明
     1>f:\vs\projetct\4-19\4-19\源.cpp(456): warning C4996: 'scanf': This function or variable may be unsafe. Consider using scanf_s instead. To disable deprecation, use _CRT_SECURE_NO_WARNINGS. See online help for details.
                 f:\vs\vc\include\stdio.h(283) : 参见“scanf”的声明
     1>f:\vs\projetct\4-19\4-19\源.cpp(466): warning C4996: 'scanf': This function or variable may be unsafe. Consider using scanf_s instead. To disable deprecation, use _CRT_SECURE_NO_WARNINGS. See online help for details.
                 f:\vs\vc\include\stdio.h(283) : 参见“scanf”的声明
     1>f:\vs\projetct\4-19\4-19\源.cpp(497): warning C4996: 'scanf': This function or variable may be unsafe. Consider using scanf_s instead. To disable deprecation, use _CRT_SECURE_NO_WARNINGS. See online help for details.
                 f:\vs\vc\include\stdio.h(283) : 参见“scanf”的声明
     1>f:\vs\projetct\4-19\4-19\源.cpp(507): warning C4996: 'fopen': This function or variable may be unsafe. Consider using fopen_s instead. To disable deprecation, use _CRT_SECURE_NO_WARNINGS. See online help for details.
                 f:\vs\vc\include\stdio.h(211) : 参见“fopen”的声明
     1>f:\vs\projetct\4-19\4-19\源.cpp(509): warning C4996: 'fopen': This function or variable may be unsafe. Consider using fopen_s instead. To disable deprecation, use _CRT_SECURE_NO_WARNINGS. See online help for details.
                 f:\vs\vc\include\stdio.h(211) : 参见“fopen”的声明
     1>f:\vs\projetct\4-19\4-19\源.cpp(540): warning C4996: 'getch': The POSIX name for this item is deprecated. Instead, use the ISO C++ conformant name: _getch. See online help for details.
                 f:\vs\vc\include\conio.h(131) : 参见“getch”的声明
     1>f:\vs\projetct\4-19\4-19\源.cpp(552): warning C4996: 'scanf': This function or variable may be unsafe. Consider using scanf_s instead. To disable deprecation, use _CRT_SECURE_NO_WARNINGS. See online help for details.
                 f:\vs\vc\include\stdio.h(283) : 参见“scanf”的声明
       Link:
         F:\vs\VC\bin\link.exe /ERRORREPORT:PROMPT /OUT:"F:\vs\projetct\4-19\Debug\4-19.exe" /INCREMENTAL /NOLOGO kernel32.lib user32.lib gdi32.lib winspool.lib comdlg32.lib advapi32.lib shell32.lib ole32.lib oleaut32.lib uuid.lib odbc32.lib odbccp32.lib /MANIFEST /MANIFESTUAC:"level='asInvoker' uiAccess='false'" /manifest:embed /DEBUG /PDB:"F:\vs\projetct\4-19\Debug\4-19.pdb" /SUBSYSTEM:CONSOLE /TLBID:1 /DYNAMICBASE /NXCOMPAT /IMPLIB:"F:\vs\projetct\4-19\Debug\4-19.lib" /MACHINE:X86 "Debug\源.obj"
         4-19.vcxproj -> F:\vs\projetct\4-19\Debug\4-19.exe
     1>已完成生成项目“F:\vs\projetct\4-19\4-19\4-19.vcxproj”(Build 个目标)的操作。

生成成功。

已用时间 00:00:00.66
