生成启动时间为 2017/4/15 19:33:28。
     1>项目“F:\vs\projetct\ConsoleApplication1\ConsoleApplication1\ConsoleApplication1.vcxproj”在节点 2 上(Build 个目标)。
     1>ClCompile:
         F:\vs\VC\bin\CL.exe /c /ZI /nologo /W3 /WX- /Od /Oy- /D WIN32 /D _DEBUG /D _CONSOLE /D _LIB /D _UNICODE /D UNICODE /Gm /EHsc /RTC1 /MDd /GS /fp:precise /Zc:wchar_t /Zc:forScope /Fo"Debug\\" /Fd"Debug\vc120.pdb" /Gd /TP /analyze- /errorReport:prompt "源.cpp"
         源.cpp
     1>f:\vs\projetct\consoleapplication1\consoleapplication1\源.cpp(64): warning C4996: 'scanf': This function or variable may be unsafe. Consider using scanf_s instead. To disable deprecation, use _CRT_SECURE_NO_WARNINGS. See online help for details.
                 f:\vs\vc\include\stdio.h(283) : 参见“scanf”的声明
     1>f:\vs\projetct\consoleapplication1\consoleapplication1\源.cpp(66): warning C4996: 'scanf': This function or variable may be unsafe. Consider using scanf_s instead. To disable deprecation, use _CRT_SECURE_NO_WARNINGS. See online help for details.
                 f:\vs\vc\include\stdio.h(283) : 参见“scanf”的声明
     1>f:\vs\projetct\consoleapplication1\consoleapplication1\源.cpp(69): warning C4996: 'scanf': This function or variable may be unsafe. Consider using scanf_s instead. To disable deprecation, use _CRT_SECURE_NO_WARNINGS. See online help for details.
                 f:\vs\vc\include\stdio.h(283) : 参见“scanf”的声明
     1>f:\vs\projetct\consoleapplication1\consoleapplication1\源.cpp(71): warning C4996: 'scanf': This function or variable may be unsafe. Consider using scanf_s instead. To disable deprecation, use _CRT_SECURE_NO_WARNINGS. See online help for details.
                 f:\vs\vc\include\stdio.h(283) : 参见“scanf”的声明
     1>f:\vs\projetct\consoleapplication1\consoleapplication1\源.cpp(73): warning C4996: 'scanf': This function or variable may be unsafe. Consider using scanf_s instead. To disable deprecation, use _CRT_SECURE_NO_WARNINGS. See online help for details.
                 f:\vs\vc\include\stdio.h(283) : 参见“scanf”的声明
     1>f:\vs\projetct\consoleapplication1\consoleapplication1\源.cpp(83): warning C4996: 'scanf': This function or variable may be unsafe. Consider using scanf_s instead. To disable deprecation, use _CRT_SECURE_NO_WARNINGS. See online help for details.
                 f:\vs\vc\include\stdio.h(283) : 参见“scanf”的声明
     1>f:\vs\projetct\consoleapplication1\consoleapplication1\源.cpp(104): warning C4996: 'scanf': This function or variable may be unsafe. Consider using scanf_s instead. To disable deprecation, use _CRT_SECURE_NO_WARNINGS. See online help for details.
                 f:\vs\vc\include\stdio.h(283) : 参见“scanf”的声明
     1>f:\vs\projetct\consoleapplication1\consoleapplication1\源.cpp(130): warning C4996: 'scanf': This function or variable may be unsafe. Consider using scanf_s instead. To disable deprecation, use _CRT_SECURE_NO_WARNINGS. See online help for details.
                 f:\vs\vc\include\stdio.h(283) : 参见“scanf”的声明
     1>f:\vs\projetct\consoleapplication1\consoleapplication1\源.cpp(201): warning C4996: 'scanf': This function or variable may be unsafe. Consider using scanf_s instead. To disable deprecation, use _CRT_SECURE_NO_WARNINGS. See online help for details.
                 f:\vs\vc\include\stdio.h(283) : 参见“scanf”的声明
     1>f:\vs\projetct\consoleapplication1\consoleapplication1\源.cpp(223): warning C4996: 'scanf': This function or variable may be unsafe. Consider using scanf_s instead. To disable deprecation, use _CRT_SECURE_NO_WARNINGS. See online help for details.
                 f:\vs\vc\include\stdio.h(283) : 参见“scanf”的声明
     1>f:\vs\projetct\consoleapplication1\consoleapplication1\源.cpp(227): warning C4996: 'scanf': This function or variable may be unsafe. Consider using scanf_s instead. To disable deprecation, use _CRT_SECURE_NO_WARNINGS. See online help for details.
                 f:\vs\vc\include\stdio.h(283) : 参见“scanf”的声明
     1>f:\vs\projetct\consoleapplication1\consoleapplication1\源.cpp(229): warning C4996: 'scanf': This function or variable may be unsafe. Consider using scanf_s instead. To disable deprecation, use _CRT_SECURE_NO_WARNINGS. See online help for details.
                 f:\vs\vc\include\stdio.h(283) : 参见“scanf”的声明
     1>f:\vs\projetct\consoleapplication1\consoleapplication1\源.cpp(231): warning C4996: 'scanf': This function or variable may be unsafe. Consider using scanf_s instead. To disable deprecation, use _CRT_SECURE_NO_WARNINGS. See online help for details.
                 f:\vs\vc\include\stdio.h(283) : 参见“scanf”的声明
     1>f:\vs\projetct\consoleapplication1\consoleapplication1\源.cpp(233): warning C4996: 'scanf': This function or variable may be unsafe. Consider using scanf_s instead. To disable deprecation, use _CRT_SECURE_NO_WARNINGS. See online help for details.
                 f:\vs\vc\include\stdio.h(283) : 参见“scanf”的声明
     1>f:\vs\projetct\consoleapplication1\consoleapplication1\源.cpp(235): warning C4996: 'scanf': This function or variable may be unsafe. Consider using scanf_s instead. To disable deprecation, use _CRT_SECURE_NO_WARNINGS. See online help for details.
                 f:\vs\vc\include\stdio.h(283) : 参见“scanf”的声明
     1>f:\vs\projetct\consoleapplication1\consoleapplication1\源.cpp(248): warning C4996: 'scanf': This function or variable may be unsafe. Consider using scanf_s instead. To disable deprecation, use _CRT_SECURE_NO_WARNINGS. See online help for details.
                 f:\vs\vc\include\stdio.h(283) : 参见“scanf”的声明
     1>f:\vs\projetct\consoleapplication1\consoleapplication1\源.cpp(271): warning C4996: 'scanf': This function or variable may be unsafe. Consider using scanf_s instead. To disable deprecation, use _CRT_SECURE_NO_WARNINGS. See online help for details.
                 f:\vs\vc\include\stdio.h(283) : 参见“scanf”的声明
     1>f:\vs\projetct\consoleapplication1\consoleapplication1\源.cpp(275): warning C4996: 'scanf': This function or variable may be unsafe. Consider using scanf_s instead. To disable deprecation, use _CRT_SECURE_NO_WARNINGS. See online help for details.
                 f:\vs\vc\include\stdio.h(283) : 参见“scanf”的声明
     1>f:\vs\projetct\consoleapplication1\consoleapplication1\源.cpp(277): warning C4996: 'scanf': This function or variable may be unsafe. Consider using scanf_s instead. To disable deprecation, use _CRT_SECURE_NO_WARNINGS. See online help for details.
                 f:\vs\vc\include\stdio.h(283) : 参见“scanf”的声明
     1>f:\vs\projetct\consoleapplication1\consoleapplication1\源.cpp(279): warning C4996: 'scanf': This function or variable may be unsafe. Consider using scanf_s instead. To disable deprecation, use _CRT_SECURE_NO_WARNINGS. See online help for details.
                 f:\vs\vc\include\stdio.h(283) : 参见“scanf”的声明
     1>f:\vs\projetct\consoleapplication1\consoleapplication1\源.cpp(281): warning C4996: 'scanf': This function or variable may be unsafe. Consider using scanf_s instead. To disable deprecation, use _CRT_SECURE_NO_WARNINGS. See online help for details.
                 f:\vs\vc\include\stdio.h(283) : 参见“scanf”的声明
     1>f:\vs\projetct\consoleapplication1\consoleapplication1\源.cpp(283): warning C4996: 'scanf': This function or variable may be unsafe. Consider using scanf_s instead. To disable deprecation, use _CRT_SECURE_NO_WARNINGS. See online help for details.
                 f:\vs\vc\include\stdio.h(283) : 参见“scanf”的声明
     1>f:\vs\projetct\consoleapplication1\consoleapplication1\源.cpp(295): warning C4996: 'scanf': This function or variable may be unsafe. Consider using scanf_s instead. To disable deprecation, use _CRT_SECURE_NO_WARNINGS. See online help for details.
                 f:\vs\vc\include\stdio.h(283) : 参见“scanf”的声明
     1>f:\vs\projetct\consoleapplication1\consoleapplication1\源.cpp(318): warning C4996: 'scanf': This function or variable may be unsafe. Consider using scanf_s instead. To disable deprecation, use _CRT_SECURE_NO_WARNINGS. See online help for details.
                 f:\vs\vc\include\stdio.h(283) : 参见“scanf”的声明
     1>f:\vs\projetct\consoleapplication1\consoleapplication1\源.cpp(353): warning C4996: 'scanf': This function or variable may be unsafe. Consider using scanf_s instead. To disable deprecation, use _CRT_SECURE_NO_WARNINGS. See online help for details.
                 f:\vs\vc\include\stdio.h(283) : 参见“scanf”的声明
     1>f:\vs\projetct\consoleapplication1\consoleapplication1\源.cpp(363): warning C4996: 'scanf': This function or variable may be unsafe. Consider using scanf_s instead. To disable deprecation, use _CRT_SECURE_NO_WARNINGS. See online help for details.
                 f:\vs\vc\include\stdio.h(283) : 参见“scanf”的声明
     1>f:\vs\projetct\consoleapplication1\consoleapplication1\源.cpp(394): warning C4996: 'scanf': This function or variable may be unsafe. Consider using scanf_s instead. To disable deprecation, use _CRT_SECURE_NO_WARNINGS. See online help for details.
                 f:\vs\vc\include\stdio.h(283) : 参见“scanf”的声明
     1>f:\vs\projetct\consoleapplication1\consoleapplication1\源.cpp(408): warning C4996: 'scanf': This function or variable may be unsafe. Consider using scanf_s instead. To disable deprecation, use _CRT_SECURE_NO_WARNINGS. See online help for details.
                 f:\vs\vc\include\stdio.h(283) : 参见“scanf”的声明
       Link:
         F:\vs\VC\bin\link.exe /ERRORREPORT:PROMPT /OUT:"F:\vs\projetct\ConsoleApplication1\Debug\ConsoleApplication1.exe" /INCREMENTAL /NOLOGO kernel32.lib user32.lib gdi32.lib winspool.lib comdlg32.lib advapi32.lib shell32.lib ole32.lib oleaut32.lib uuid.lib odbc32.lib odbccp32.lib /MANIFEST /MANIFESTUAC:"level='asInvoker' uiAccess='false'" /manifest:embed /DEBUG /PDB:"F:\vs\projetct\ConsoleApplication1\Debug\ConsoleApplication1.pdb" /SUBSYSTEM:CONSOLE /TLBID:1 /DYNAMICBASE /NXCOMPAT /IMPLIB:"F:\vs\projetct\ConsoleApplication1\Debug\ConsoleApplication1.lib" /MACHINE:X86 "Debug\源.obj"
         ConsoleApplication1.vcxproj -> F:\vs\projetct\ConsoleApplication1\Debug\ConsoleApplication1.exe
     1>已完成生成项目“F:\vs\projetct\ConsoleApplication1\ConsoleApplication1\ConsoleApplication1.vcxproj”(Build 个目标)的操作。

生成成功。

已用时间 00:00:00.43
