生成启动时间为 2017/9/3 21:46:51。
     1>项目“F:\vs\projetct\Bit\Bit\Bit.vcxproj”在节点 2 上(Build 个目标)。
     1>ClCompile:
         F:\vs\VC\bin\CL.exe /c /ZI /nologo /W3 /WX- /Od /Oy- /D WIN32 /D _DEBUG /D _CONSOLE /D _LIB /D _UNICODE /D UNICODE /Gm /EHsc /RTC1 /MDd /GS /fp:precise /Zc:wchar_t /Zc:forScope /Fo"Debug\\" /Fd"Debug\vc120.pdb" /Gd /TP /analyze- /errorReport:prompt "源.cpp"
         源.cpp
     1>f:\vs\projetct\bit\bit\源.cpp(59): warning C4996: 'scanf': This function or variable may be unsafe. Consider using scanf_s instead. To disable deprecation, use _CRT_SECURE_NO_WARNINGS. See online help for details.
                 f:\vs\vc\include\stdio.h(283) : 参见“scanf”的声明
     1>f:\vs\projetct\bit\bit\源.cpp(64): warning C4996: 'scanf': This function or variable may be unsafe. Consider using scanf_s instead. To disable deprecation, use _CRT_SECURE_NO_WARNINGS. See online help for details.
                 f:\vs\vc\include\stdio.h(283) : 参见“scanf”的声明
     1>f:\vs\projetct\bit\bit\源.cpp(78): warning C4996: 'scanf': This function or variable may be unsafe. Consider using scanf_s instead. To disable deprecation, use _CRT_SECURE_NO_WARNINGS. See online help for details.
                 f:\vs\vc\include\stdio.h(283) : 参见“scanf”的声明
     1>f:\vs\projetct\bit\bit\源.cpp(124): warning C4996: 'scanf': This function or variable may be unsafe. Consider using scanf_s instead. To disable deprecation, use _CRT_SECURE_NO_WARNINGS. See online help for details.
                 f:\vs\vc\include\stdio.h(283) : 参见“scanf”的声明
     1>f:\vs\projetct\bit\bit\源.cpp(129): warning C4996: 'scanf': This function or variable may be unsafe. Consider using scanf_s instead. To disable deprecation, use _CRT_SECURE_NO_WARNINGS. See online help for details.
                 f:\vs\vc\include\stdio.h(283) : 参见“scanf”的声明
     1>f:\vs\projetct\bit\bit\源.cpp(135): warning C4996: 'scanf': This function or variable may be unsafe. Consider using scanf_s instead. To disable deprecation, use _CRT_SECURE_NO_WARNINGS. See online help for details.
                 f:\vs\vc\include\stdio.h(283) : 参见“scanf”的声明
     1>f:\vs\projetct\bit\bit\源.cpp(121): warning C4101: “p”: 未引用的局部变量
       Link:
         F:\vs\VC\bin\link.exe /ERRORREPORT:PROMPT /OUT:"F:\vs\projetct\Bit\Debug\Bit.exe" /INCREMENTAL /NOLOGO kernel32.lib user32.lib gdi32.lib winspool.lib comdlg32.lib advapi32.lib shell32.lib ole32.lib oleaut32.lib uuid.lib odbc32.lib odbccp32.lib /MANIFEST /MANIFESTUAC:"level='asInvoker' uiAccess='false'" /manifest:embed /DEBUG /PDB:"F:\vs\projetct\Bit\Debug\Bit.pdb" /SUBSYSTEM:CONSOLE /TLBID:1 /DYNAMICBASE /NXCOMPAT /IMPLIB:"F:\vs\projetct\Bit\Debug\Bit.lib" /MACHINE:X86 "Debug\源.obj"
         Bit.vcxproj -> F:\vs\projetct\Bit\Debug\Bit.exe
     1>已完成生成项目“F:\vs\projetct\Bit\Bit\Bit.vcxproj”(Build 个目标)的操作。

生成成功。

已用时间 00:00:00.53
